/home/ludovic/Documents/01_professionnel/12_collaborations/01_Zhou_2011/0.01_data/01_computeStats/04_binaryFile-AnalMSAPine dataset test
11968 31348 3405

//	18	3.152	0	788	10	8	9.26284	4.20209	0.360621	0.0390485	0.562884	1	0.0247261	0.562884	2	0.0259899	0.776462	0.776462	4.90058
segsites: 21
positions: 0.0522 0.0652 0.0696 0.1217 0.1304 0.1348 0.1783 0.2565 0.3217 0.3826 0.4435 0.4913 0.5 0.5087 0.6435 0.7435 0.7957 0.8304 0.8696 0.8826 0.9348
000000010011000000000
000000010011000000000
000100010011000000000
000100010011000000000
000100010011000000000
000000010011000001000
000100010011000000000
000100010011000000000
010000010011000010000
010000010011000000000
010000010011000010000
000000010011000000000
000000010011000000000
000100010011000000000
000100010011000000000
000100010011000001000
000100010011000000000
000000010011000001000
000000010011000010010
000100010011000000000
000100010011000000000
010000010011000010000
010000010011000000000
000000010011000000001
000100010011000001000
010000010011000010000
010100010011000000000
010000010011000011000
000100010011000001000
000100010011000000000
000000010011000000000
000100010011000000000
000100010011000000000
000100010011000000000
000100010011000000000
010000010011000010111
010000010011000010111
010100010011000000000
000000010011000000000
000000010011000000000
000100010011000000000
000100010011000000000
010000010011000010111
000100010011000000000
010000010011000000000
000000010011000000000
000100110011000000000
000100010011000000000
000011010011000000000
000011010011000000000
000011010011000000000
000011010011000000000
000000000011000000000
000000000011000000000
000100010011000000000
000100010011000000000
010000010011000010111
110000010011000010111
000011010011000000000
000011011011000000000
000011010011000000000
000000010011000000000
000011010011000001000
000011010011000000000
000100010011000000000
000100010011000000000
000011010011000000000
000011010011000000000
000100010011000001000
000011010111011000000
000011010111011000000
000100010011000010000
000100010011000010000
010000010011000110111
000000010011000010111
001000000000000000000
001000010000000000000
010000010011000010111
001000010000000000000
001000010000000000000
000000010011000000000
000000010010010000000
000100010011000001000
000100010011000001000
000100010011000001000
000011010011000000000
010000010011000010111
000100010011100001000
010000010011000110111
010000010011000110111
000000010011000000000
000000010000010000000

//	18	3.152	0	788	10	8	9.26284	4.20209	0.360621	0.0390485	0.562884	1	0.0247261	0.562884	2	0.0259899	0.776462	0.776462	4.90058
segsites: 19
positions: 0.1119 0.249 0.3129 0.3928 0.4141 0.4181 0.4714 0.502 0.5033 0.5899 0.6218 0.6365 0.6445 0.7417 0.751 0.8762 0.8948 0.9015 0.9387
0000001000000000000
0000001000000000000
0000001000000000000
0000001000000000000
0000001000000100000
0000001000000000000
0000001000000000000
0000001000000000000
0000001000000000000
0000001000000000000
0000001000000000000
0000001000000000000
0000001000000000000
0000001000000000000
0000001000000000000
0000001000000000000
0000001001000000000
0000011000000000000
0000001000000000000
0000001000000000000
0000001000000000000
0000001000000000000
0000001100001000100
0000000000000000000
0000001100000000000
0000001000000000000
0000001000000000000
0000001000000000000
0000001000000000000
0000001000000000000
0000001000000000000
0000001000000100000
0000001000000000000
0000001000000000000
0000101000001000100
0000001000000100000
0000001000000000000
0000001000000000000
0000001000000000000
0000001000000100000
0000001000000000000
1100101000011001101
1100101000011001101
0000001000000000000
0000001000000000000
0000001001000000000
0000001000000000000
0000001000000000000
0000001000000000000
0000001000000000000
0000001000100000000
0000001000100000000
0100101000011001111
0000001000000000000
0000001000000000000
0000001000010000110
0000001000000000000
0000001000000000000
0000001000000000000
0000001000000000000
0111101000001000110
0111101000001000110
0000001000000000000
0110101000001000110
0100101000011001111
0000001000000000000
0100101000011001111
0000001100001000100
0100101000011001111
1100001000011001111
1100101000011001111
1100101000011001111
0000101000011001111
0000001000000000000
0100101000011001111
0100101000011001111
1100101000011001111
0100101000011001111
0100101000011001111
0100101000011001111
0000001000000010000
0100101000011001111
0000101000001000000
0100101000011101111
0100101000011000000
0100101000011001111
0000001000000000000
1100101010011001111
0100101000011001111
0100101000011001111
1100101000011001111
0100101000011001111
0000001000000011111
0100101000011001111
0100101000011001111
0100101000011001111
0000001000000010000
0100101000011001111
1100101000011001111
0100101000011001111
0100101000011001111
0000001100001000100
0100101000011001110
0000001100001000100

//	18	3.152	0	788	10	8	9.26284	4.20209	0.360621	0.0390485	0.562884	1	0.0247261	0.562884	2	0.0259899	0.776462	0.776462	4.90058
segsites: 19
positions: 0.0873 0.1164 0.1564 0.3091 0.3127 0.3236 0.3782 0.4327 0.4655 0.5018 0.5055 0.5091 0.6545 0.7236 0.7273 0.8473 0.8582 0.92 0.9309
0000000000010110111
0000000000010110111
0000000000010110111
0000000000010110111
0000000000010110111
0000000000010110001
0000000000010110011
0000000000010110111
0000000000110110111
0000000000010110111
0000000000010110111
0000000000110110111
0000000000010110111
0000000000010110111
1000000000010110111
0000000000010110111
0000000000010110111
0000000000010110111
0000000000010110100
0000000000010110111
0000000000010110111
0000000000010110111
0000000000010110111
0000000000010110111
0000000000010110111
0000000000010110111
0000000000010110111
0000000000010110111
0000000000110110111
0000000000010110111
0000000000010110111
0000000000010110111
0000000000010110111
0100101000000000000
0000000000010110111
0000000000010110111
0000000000010110111
0000000000010110111
0000000000010110111
0000000000110110111
0000000000010110111
0000000000010110111
0000000000010110111
0000000000010110111
0000000000010110111
0000000000010110111
0000000000010110111
0000000000010110111
0000000000010110111
0000000000110110111
0000000000010110111
0000000000010110111
0000000000010110111
0000000000010110111
0000000000010110111
0000000000010110111
0000000000010110111
0100000000010010111
0000000000010110111
0000000000010110111
0100000000000000000
0100000000000000000
0000000000010110111
0100101000000000000
1010000000000001000
1010000000000001000
0000000110000000000
0000000100010100011
1000000100010000000
0000000100010100011
1000000000010110001
0100101000000000000
0000000001000000000
0000000100010100011
0000000000000100011
0000000100010100011
1000000100010100011
0100000001000000000
1100101000000000000
0000101000000000000
0001000100010100011
0000000001000000000
0000101000000000000
0000000110000000000
0000000110000000000
0100000001000000000
0000000100010110011
0000000100000001000
0000000000000001000
0100000001000000000
0100000001000000000
0001000100010100011
0100000001000000000
0001000100010100011
0001000100010100011
0100000001000000000
0000000100010100011
0000000110000000000
0000000110000000000
0000111000000000000
0000000100010100011
0100101000000100011
0000101000001000000

//	18	3.152	0	788	10	8	9.26284	4.20209	0.360621	0.0390485	0.562884	1	0.0247261	0.562884	2	0.0259899	0.776462	0.776462	4.90058
segsites: 16
positions: 0.0116 0.0291 0.0465 0.1105 0.1744 0.218 0.314 0.4244 0.4448 0.7093 0.7529 0.7907 0.8023 0.8169 0.8198 0.9244
0001000000010000
0001000000010000
0001000000010000
0001000000010000
0001000000010000
0001000000010000
0001000000010000
0001000000010000
0001000000010000
0001000000010000
0001000000010000
0001000000010000
0001000000010000
0001000000010000
0001000000010000
0001000000010000
0001000000010000
0001000000010000
0001000000010000
0010001010100010
0001000000010000
0001000000010000
0001010000010000
0001000000010000
0001000000010000
0001000000010000
0001000000010000
0001000000010000
0001000000010000
0001000000010000
0001000000010000
0001000000010000
1001010010101001
0001000000010000
0001000000010000
0001000000010000
0001000000010000
0001000000010000
0001000000010000
0001000000010000
0001000000010000
0001000000010000
0001000000010000
0001000000010000
0001000000010000
0001000000010000
0001000000010000
0001000000010000
0001000000010000
0001010000010000
0001000000010000
0001000000010000
0001000000010000
0001000000010000
0001000000010000
0001000000010000
0001000000010000
0001000000010000
0001000000010000
0001000000010000
1001010010101001
0000100010010000
0001000000010000
1001010010101001
1001010010101001
1001010010101001
1001010010101000
1001010010101001
1001010010101000
1001010010101001
1001010010101001
1001010010101001
1001010010101001
0000011010100010
1001010010101000
0010001010100010
1001010010101001
1001010010101001
1001010010101001
1001010010101001
1000001110100010
1001010010101001
1001010010101000
0010001110100010
1001010010101001
1011011010100000
1001010011101000
1001010011101000
1001010011101001
0010001010100010
1001010010101001
1001010010101001
1101010010101001
1001010010101001
0010001010100011
1001010010101001
1001010010101001
1001010010101001
1001010010101001
0010001010100010
0010001010100110
1001010010101001
0010001010100010
0010001010100010

//	18	3.152	0	788	10	8	9.26284	4.20209	0.360621	0.0390485	0.562884	1	0.0247261	0.562884	2	0.0259899	0.776462	0.776462	4.90058
segsites: 20
positions: 0.1681 0.323 0.3872 0.5066 0.5199 0.5664 0.5863 0.5929 0.646 0.6527 0.6726 0.6947 0.719 0.7257 0.7544 0.7876 0.8208 0.823 0.8319 0.9181
00000010101000001001
00000000000100001001
00000010101000001001
00000101101000001001
00000101101000001001
00000000101000001001
01000101100000001001
00000101101000001001
00000101101000001001
00000000000100001001
00000000000000001001
00000010101000001001
00000010101000001001
00000101101000001001
00000101101000001001
00000101101000001001
00000101101000001001
00000010101000001001
00000101101000001001
00000101101000001001
00000101101000001001
00000010101000001001
00000010101000001001
00000000101000001001
00000010101000001001
00000010101000001001
00000101101000001001
00000101100000001001
00000011101000001001
00000101100000001001
00000101101000001001
00000001101000001001
00000101101000001001
00000010101000001001
00000011101000001001
00000101101000001001
00000101101000001001
00000101101000001001
00000101101000001001
00000010101000001001
00000101101000001001
00000101101000001001
00000000000000001001
00000010101000001001
00000000000000001000
00000000101000001000
00000000101000001000
00000101101000001000
00000101101000001000
00000000101000001000
00000100101000001000
00000101101000001000
00000101101000001000
00000101101000001000
00000101101000001000
00000010101000001000
00000101101000001001
00000010101000001001
00000101101000001001
00000000000100001001
10000000100001001000
10000000100001001000
00000000000000011000
00000000000000011000
00000010101000001001
00000000000000001000
00000010101000001001
00000010101000001001
00000010101000001001
10010000100001101000
00000000000000001001
10000100000010010000
00000101100000001001
00000101100000001001
00000101100000001001
10000000100001001000
00000101100000001001
00001100000010001111
00000101100000001001
00000101101000001001
10100010000000010000
00001100000010001111
00001100000010001111
10000000100001001000
10000000100001001000
00000101100000001001
10000000100001001000
10000000100001001000
00001100000010001111
10000100000011001011
00000000000000011000
00000101101000001001
00000000101000001001
10000000100001001000
10000100010010010000
00000000000000011000
00000000000000001001
00000101100000001001
00000000101000001001
00000101100000001001
10000100010010010000
10000000100001001000
00000000101000001001
00000000101000001001

//	18	3.152	0	788	10	8	9.26284	4.20209	0.360621	0.0390485	0.562884	1	0.0247261	0.562884	2	0.0259899	0.776462	0.776462	4.90058
segsites: 7
positions: 0.3111 0.5222 0.5778 0.6111 0.7056 0.8167 0.9444
0000000
0000000
0000000
0000000
0100001
0000000
0000000
0000000
0000000
0100001
0000000
0100001
0100000
0100000
0100001
0100001
0000000
0000000
0000000
0000000
0000000
0100001
0000000
0000000
0000000
0000000
0100000
0100000
0100000
0100001
0000000
0000000
0100001
0000000
0000000
0100001
0000000
0000000
0000000
0000000
0000000
0000000
0100001
0100001
0100000
0010000
0010000
0000000
0010000
0101000
0101000
0000000
0000000
0100001
0100001
0000000
0000000
0000000
0100000
0100000
0000000
0100001
0100000
0000000
0101000
0000000
0000000
0000000
0000000
0000000
0000000
0100000
0000000
0100000
0000000
0100000
0100000
0100000
0100000
1000000
1000000
0000000
0000000
0000010
0000000
0000000
0000000
0000000
0000000
0000000
0000000
0000000
0100000
0000000
0100000
0000000
0000010
0000000
0000010
0000010
0000100
0000000
0000000
0000100

//	18	3.152	0	788	10	8	9.26284	4.20209	0.360621	0.0390485	0.562884	1	0.0247261	0.562884	2	0.0259899	0.776462	0.776462	4.90058
segsites: 0

//	18	3.152	0	788	10	8	9.26284	4.20209	0.360621	0.0390485	0.562884	1	0.0247261	0.562884	2	0.0259899	0.776462	0.776462	4.90058
segsites: 18
positions: 0.2057 0.3151 0.4036 0.4062 0.4089 0.4193 0.4219 0.4245 0.5104 0.5703 0.5807 0.6615 0.6979 0.7422 0.8333 0.8568 0.8776 0.9219
000000001000000000
000000001000000000
000000001000000000
000000001000000000
000000001000000000
000000001000000000
000000001000000000
000000001000000000
000000001000000000
000000001000000000
000000001000000000
000000001000000000
000000001000000000
000000001000000000
000000001000000000
000000001000000000
000000001000000000
000000001000000000
000000001000000000
000000001000000000
000000001000000000
000000001000000000
000000001000000000
000000001000000000
000000001000000000
000000001000000000
000000001000000000
000000001000000000
000000001000000000
000000001000000000
000000001000000000
000000000100000101
000000001000000000
000000001000000000
000000000100000000
000000001000000000
000000001000000000
000000001000000000
000000001000000000
000000001000000000
000000001000000000
000000001000000000
000000001000000000
000000001000000000
000000000100000101
000000001000000000
000000001000000000
000000001000000000
000000001000000000
000000000010001000
000000001000000000
000000001000000000
000000001000000000
000000001000000000
000000001000000000
000000001000000000
000000001000000000
000000001000000000
000000000001000000
000000000010000000
000000001000000010
000000001000000000
000000001000000000
000000001000100000
000000001000000000
001111110100000000
001111110100000000
000000000100000001
000000001000000000
000000001000000000
000000001000000010
000000000100000101
000000001000000000
000000001000010000
100000001000000000
100000001000000000
001111110100000000
000000001000000000
000000000100000101
000000001000010000
010000000010000000
001111110100000000
001111110100000000
001111110100000000
000000001000000000
000000001000010000
000000001000000000
001111110100000000
000000001000010000
001111110100000000
000000001000000000
000000000100000101
000000001000010000
000000001000010000
010000000010001000
010000000010001000
000000000100000101
000000001000000000
100000001000000000
000000001000010000
000000001000010000
000000001000010000
010000000010001000
010000000010001000

//	18	3.152	0	788	10	8	9.26284	4.20209	0.360621	0.0390485	0.562884	1	0.0247261	0.562884	2	0.0259899	0.776462	0.776462	4.90058
segsites: 5
positions: 0.0471 0.0824 0.1098 0.2549 0.5294
00000
00000
00000
00000
00000
00000
00000
00000
00000
00000
00000
00000
00000
00000
00000
00000
00000
00000
00000
00001
00000
00000
00000
00000
00000
00000
00000
00000
00000
00000
00000
00000
00000
00000
00000
00000
00000
00000
00000
00000
00000
00000
00000
00000
00000
00000
00000
00000
00000
00000
00000
00000
00000
00000
00000
00000
00000
00000
00000
00000
10111
10111
00000
10111
10111
10110
10110
10110
00010
10110
10111
10111
10110
10110
10110
10110
10110
10110
10110
10110
00010
00000
10110
00010
00010
01010
00000
00010
00000
00000
10111
00000
10110
10111
00000
00010
00010
00010
00000
00000
00010
00010
10111
10111

//	18	3.152	0	788	10	8	9.26284	4.20209	0.360621	0.0390485	0.562884	1	0.0247261	0.562884	2	0.0259899	0.776462	0.776462	4.90058
segsites: 14
positions: 0.1074 0.1322 0.2975 0.3017 0.4091 0.562 0.5744 0.6074 0.6488 0.7273 0.7438 0.7645 0.8802 0.9421
11000010101010
11000010101010
10000010101010
11000010101010
11000010101010
11000010101010
11000010101010
11000010101010
11000010101010
11000010100010
11000010100010
11000010100010
11000010101010
11000010101010
10000010101010
11000010101010
11000010101010
11000010101010
11000010101010
11000010101010
11000010101010
11000010100010
11000010100010
11000010100010
11000010101010
11000010101010
11000010101010
11000010101010
11000010101010
11000010101010
11000010101010
11000010101010
11000010101010
11000010101010
11000010101010
11000010101010
11100010100010
11100010101010
11000011101010
11000010101010
11000010101010
11000010101010
11000010101010
11000010101010
11000010101010
11000010101010
11000010101010
11000010101010
11000010101010
11000010101010
11000010101010
11000010101010
10000010101010
11000010101010
11000010101010
11000010101010
11000010101010
11000010101010
11000010101010
11000010101010
11100010100010
11100010100010
11000010101010
00000010110010
11000010100110
00000010110010
00000010110010
00000010110010
00010000000010
11000010100110
11100010100010
11100010100010
11100010100010
00001010100000
00001010100000
11100010100010
11100010100010
00000010100010
00000010100010
00010010100110
00010010100110
11000010100110
00000010100010
00010010100110
00010010100110
11000010100110
00010000000010
00010000000010
00010000000010
00001010100000
00001010100000
00001010100000
00010000001010
00001010100000
00001010100000
00001010100000
00001010100000
11000010100110
11000110100110
11000110100110
11000010101010
11000010101010
00000010110011
00000010110011

//	18	3.152	0	788	10	8	9.26284	4.20209	0.360621	0.0390485	0.562884	1	0.0247261	0.562884	2	0.0259899	0.776462	0.776462	4.90058
segsites: 2
positions: 0.2931 0.6092
00
00
00
00
00
00
00
00
00
00
00
00
00
00
00
00
00
00
00
00
00
00
00
00
00
00
00
00
00
00
00
00
00
00
00
00
00
00
00
00
00
00
00
00
00
00
00
00
00
01
00
00
00
00
00
00
00
00
00
00
01
01
00
01
00
10
10
00
01
00
10
10
00
00
00
00
00
00
10
00
10
00
10
10
00
00
00
00
10
10
00
00
10
00
10
10
00
10
10
10
00
10
10
10

//	18	3.152	0	788	10	8	9.26284	4.20209	0.360621	0.0390485	0.562884	1	0.0247261	0.562884	2	0.0259899	0.776462	0.776462	4.90058
segsites: 30
positions: 0.1412 0.1822 0.2164 0.246 0.2551 0.262 0.2688 0.287 0.3371 0.3531 0.3576 0.4556 0.4761 0.4784 0.4943 0.5262 0.533 0.5376 0.5558 0.5718 0.615 0.6241 0.6492 0.6902 0.7882 0.8064 0.8109 0.8337 0.8702 0.9385
001000000001000000000000000010
001000000001000000000000000010
001000000001000000000000000010
001000000001000000000000000010
001000000001000000000000000010
001000000001000000000000000010
001000000001000000000000000010
001000000001000000000000000010
001000000001000000000000000010
001000000001000000000000000010
001000000001000000000000000010
001000000001000000000000000010
001000000001000000000000000010
001000000001000000000000000010
001000000001000000000000000010
001000000001000000000000000010
001000000001000000000000000010
001000000001000000000000000010
001000000001000000000000000010
001000000001000000000000000010
001000000001001000000000000010
001000000001000000000000000010
001000000001000000000000000010
001000000001000000000000000010
001010000001001000000000000010
001010000001001000000000000010
001000000001000000000000000010
001000000001000000000000000010
001000000001000000000000000010
001000000001000000000000000010
001000000001000000000000000010
001000000011000000000000000010
001000000001000000000000000010
001000000001000000000000000010
001000000001000000000000000010
001000000001000000000000000010
001000000001000000000000000010
001000000001000000000000000010
001000000001000000000000000010
001000000001000000000000000010
001000000001000000000000000010
001000000001000000000000000010
001000000001000000000000000010
001000000001001000000000000010
001000000001000000000000000010
001000000001000000000000000010
001000000001000000000000000010
001000000001000000000000000010
001000000001000000000000000010
001000000001000000000000000010
001000000001000000000000000010
001000000001000000000000000010
001000000001000000000000000110
001000000001000000000000000010
001000000001000000000000000010
001000000001000000000000000010
001000000001000000000000000010
001000000001000000000000000010
001000000001000000000000000010
001000000001000000000000000010
000000000000000000000000000000
001000000001000000000000000000
001000000001000000000000000010
001000000001000000000000000000
000000100000000000000000000000
000000000000000000000100011000
000000000000000000000000000010
001000000001000000000000000000
001000000000000000000000000000
000000000000000000100000000010
000000000000000000100000000010
000000000000000100010000000000
001000000001000000000000000000
010000001100010001000001000000
000000000000000000000000100000
001000000001000000000000000001
000000100000000000000000000000
000000000000000010000010011000
000000000000000000000000000000
000000100000000000000000000000
000000000000000000000100011000
000100100000000000000000000000
000000000000010000000000100000
000000100000000000000000000000
010000001100010001000001000000
001000000000000000000000000000
000000000000000000000000000000
000000000000000000000000011000
000000100000000000000000000000
001000000001000000000000000000
000000010000000000100000011000
000000000000000000000000011000
001000000000000000000000011000
000000000000000000000000011000
000000100000000000000000000000
100001000000100000001000000000
010000001100010001000001000000
010000000000000000100000011000
001000000001000000000000000010
001000000001000000000000000000
000000000000000000000000000010
000000000000000000000000011000
000000000000000000100000011000
001000000001000000000000000000

//	18	3.152	0	788	10	8	9.26284	4.20209	0.360621	0.0390485	0.562884	1	0.0247261	0.562884	2	0.0259899	0.776462	0.776462	4.90058
segsites: 3
positions: 0.6385 0.6538 0.6692
101
101
101
101
101
101
101
101
101
101
101
101
000
101
101
101
101
101
000
101
101
101
101
101
000
000
001
000
000
000
001
001
000
000
000
000
000
000
000
000
001
001
000
001
001
000
000
001
101
001
101
101
101
101
101
101
101
101
101
101
010
010
101
010
010
101
000
000
001
001
001
000
001
000
000
000
000
000
000
000
000
000
010
000
010
010
000
000
000
000
000
000
000
000
000
000
000
000
000
000
000
000
000
000

//	18	3.152	0	788	10	8	9.26284	4.20209	0.360621	0.0390485	0.562884	1	0.0247261	0.562884	2	0.0259899	0.776462	0.776462	4.90058
segsites: 11
positions: 0.0097 0.1748 0.3689 0.4757 0.6505 0.6699 0.7282 0.7476 0.767 0.8252 0.835
00000100010
00000100010
00000010010
00000110010
00000100010
00000100010
00000100010
00000100010
00000100011
00000100010
00000100011
00000100010
00000100010
00000100010
00000100010
00000100010
00000100010
00000100010
00000100010
00000100010
00000100010
00000100010
00000100010
00100100010
00000100011
00000100010
00000100010
00000100010
00000010100
00000110010
00000110010
00000110010
00000110010
00000110010
00000110010
00000110010
00000110010
00000110010
00000110010
00000110011
00000100010
00000100010
10000101100
00000100010
00000100010
00000100010
00000100010
00000100010
00000100011
00000100011
00000100011
00000100011
00000100011
00000100011
00000100011
00000100011
00000100011
00000100011
00000100011
00000100011
00000100011
00000100011
00000100010
00010100011
00000100100
00000100011
00000100011
00010100100
00010100011
00000100011
00000100011
00000100010
00010100011
00011100011
01010100011
00000100011
00000100011
00010100010
00000100010
00000100010
00000100010
00000100010
00000100011
00010100011
00010100011
00010100011
01010100011
00010100011
00000100010
00000100011
00000100011
00000000010
00000100010
00010100011
00000100010
00000100010
01010100011
00000100010
00010100011
01010100011
00010100011
00010100010
00010100011
00010100011

//	18	3.152	0	788	10	8	9.26284	4.20209	0.360621	0.0390485	0.562884	1	0.0247261	0.562884	2	0.0259899	0.776462	0.776462	4.90058
segsites: 11
positions: 0.1657 0.2171 0.2571 0.28 0.2914 0.3429 0.5543 0.7486 0.7886 0.8343 0.9371
11000100001
01000100100
11000010001
11010100101
11000011001
11000011001
00011100100
11000011001
11000011001
11000011001
11000011001
11000011001
11000011001
00011100100
11000011001
11000011001
11000011001
11000011001
00011100100
11000011001
11000011001
11000011001
11000010000
11000010000
11010100100
11000011001
11000011001
11000011001
11010100100
11000011001
11000011001
11000011001
11000011001
11000011001
11000011001
11000000100
00111100100
11000011001
11000011001
11000011001
11000011001
11000011001
11000011001
11000011001
11000011001
11000011001
11000011001
11000011001
00010100100
11000011001
11000011001
11000011001
11000011001
11000011001
11000011001
11000011001
11000011001
11000011001
11000011001
00010100100
00010100100
00010100100
00010100100
00010100100
00010100100
11000011001
00010100001
00010100100
00010100100
00010100100
00010100100
00010100100
00010100000
00010100000
11000011001
00010100001
00010100001
00010100000
00010100000
11000011001
00010100001
00010100001
00010100100
00010100100
00010100100
00010100100
00010100000
00010100100
00010100100
11000011001
00010100100
00010100100
00010100100
00010100100
00010100100
00010100100
00010100100
00010100100
00010100100
00010100100
00000011001
00010000010
00010100100

//	18	3.152	0	788	10	8	9.26284	4.20209	0.360621	0.0390485	0.562884	1	0.0247261	0.562884	2	0.0259899	0.776462	0.776462	4.90058
segsites: 9
positions: 0.1791 0.2687 0.3134 0.3433 0.3731 0.4179 0.5871 0.6915 0.9104
101101000
101100000
101100100
101100000
100000101
101101110
101001001
000001110
101000100
000000001
000000101
000001101
000010000
101000111
101000111
100000000
101000101
101000101
100000000
101010111
101010100
101000000
000000000
101001101
101010100
001000000
000010100
000000001
000000000
000000000
000000000
000000000
101000001
000000000
000000000
001000100
000000000
101000111
000000001
000000000
000000000
101000101
000000000
101000100
101000100
101000101
100000111
100000101
000000100
000000100
000000000
000000100
000000000
000000000
000000000
000000000
000000000
000000000
100000100
000000000
001000100
010000000
010000000
000000000
010000000
010000000
000000000
000000000
000000000
000000000
000000000
000000000
000000000
101000100
000000000
000000000
000000000
000000000
000000000
010000000
010000000
000000000
000000000
010000000
000000000
000000000
100000100
000000000

//	18	3.152	0	788	10	8	9.26284	4.20209	0.360621	0.0390485	0.562884	1	0.0247261	0.562884	2	0.0259899	0.776462	0.776462	4.90058
segsites: 10
positions: 0.2044 0.4448 0.5801 0.663 0.7459 0.7818 0.7873 0.8591 0.8702 0.9144
0011010001
0000110101
0011010001
0000001000
0011010001
0000001000
0000001000
0000001000
0000001000
0000001000
0000001000
0000001000
0000001000
0000001000
0000001000
0000001000
0000001000
0000001000
0000001000
0100010100
0000001000
0000001000
0000001000
0000001000
0000001000
0000001000
0000001000
0000001000
0000001000
0000001000
0000001000
0000001000
0000001000
0000001000
0000001000
0000001000
0000001000
0000001000
0000001000
0000010110
0000001000
0000001000
0000001000
0000001000
0000001000
0000001000
0000001000
0000001000
0000001000
0000001000
0000001000
0000001000
0000001000
0000001000
0000001000
0000001000
0000001000
0000001000
0000001000
0000001000
0100010100
0000110101
0000001000
0000110100
0011010000
0011010001
0011010001
0011010001
0011010001
0000110111
0011010001
0000110100
0000110100
0011010001
0011010001
0011010001
0011010001
0011010001
0011010001
0011010001
0011010001
0011010001
0011010001
1011010001
0011010001
0011010001
0011010001
0000110101
0011010001
0000001000
0000001000
0011010001
0000001000
0000001000
0011010001
0000110101
0011010001
0000110100
0100010100
0100010100
0000110101
0011010000
0011010001
0011010000

//	18	3.152	0	788	10	8	9.26284	4.20209	0.360621	0.0390485	0.562884	1	0.0247261	0.562884	2	0.0259899	0.776462	0.776462	4.90058
segsites: 9
positions: 0.1389 0.1548 0.369 0.4742 0.5298 0.5694 0.6845 0.7282 0.9286
010100100
010100100
010100100
010100100
010100100
011100100
010100100
011100100
000100100
010100100
000100100
011100100
010100100
010100100
000100100
010100100
010100100
000100100
010100100
010100100
010100110
011100100
010100100
010100100
010100100
010100100
010100100
010100100
010100100
010100100
010100100
010100100
010100100
010100100
010100100
010100100
010100100
010100100
010100100
010100100
010100100
010100100
010100100
010100100
010100100
010100100
010100100
010100100
011100100
010100100
010100100
011100100
010100100
010100100
010100100
010100100
010100100
010100100
010100100
010100100
010000000
010001000
000000000
010001000
000010001
010001000
010001000
010001000
010000000
000000000
010001000
010001000
010001000
010001000
010001000
110001000
010001000
000000000
010001000
010001000
010001000
010001000
000010000
010001000
010001000
010001000
010001000
000000000
000000000
000000000
000000000
000000000
010001000
000000000
010001000
010001000
010001000
010001000
010001000
010001000
010000000
010000000
010010000
010010000

//	18	3.152	0	788	10	8	9.26284	4.20209	0.360621	0.0390485	0.562884	1	0.0247261	0.562884	2	0.0259899	0.776462	0.776462	4.90058
segsites: 25
positions: 0.0049 0.027 0.0515 0.0956 0.201 0.2132 0.2377 0.2892 0.2917 0.3113 0.3578 0.4044 0.4706 0.4902 0.5441 0.576 0.6078 0.6275 0.6814 0.7426 0.7794 0.8186 0.8235 0.8652 0.902
1000000001000000101000100
1000000001000000101000000
1000000001000000101000100
1000000001000000101000100
1000000001000100101000100
1000000001000000101000100
1000000001000000101000100
1000000001000000101000100
1000000001000000101000100
1000000001000100101000100
1000000001000100101000100
1000000001000100101000100
1000000001000100101000100
1000000001000100101000100
1000000001000000101000100
1000000001000000101000100
1000000001000000101000100
1000000001000000101000100
1001010000010000001000000
1001010000010000001000000
1000000001000000101000100
1000000001000000101000100
1000000001000000101000100
1000000001000000101000100
1000000001000000101010100
1000000001000000101010100
1000001001000000101010100
1000000001000000101000010
1000000001000001101000100
1000000001000001101000100
1000000001000001101000100
1000000001000000101000100
1000000001000000101000100
1000000001000000101000100
1000000001000000101000100
1000000001000100101000100
1000000001000100101000110
1000000001000000101000100
1000000001000100101000110
1000000001000000101000100
1000000001000000101000100
1000000001000000101000100
1000000001000000101000100
1000000001000100101000100
1000000001000100101000100
1000000001000100101000100
1000000001000100101000100
1000000001000100101000100
1000000001000100101000100
1000000001000110000000000
1000000001000100101000100
1000000001000100101000100
1000000001000100101000100
1000000001000100001000000
1000000001000100101000100
1000000001000100101000100
1000000001000100101000100
1000000001000100101000100
1000000001000100101000100
1000000001000100101000100
1000010000011100101000000
0000010010011100001000000
1001010000011100001000100
1000010100011100001000100
0000010010011100001000100
0000010010011110000001000
1010010000001100011000000
1010010000001100011000000
0000010010011110001000000
0000010010011110001000000
0000010010011100000000000
0000010010011100000000000
1000010000011100001000000
1000010000011100001000000
1000010000001110000000000
1000010000001110000000000
1000010000111110000000000
1000010000111110000000000
0000010010011110000000000
0000010010011110000000000
0000010010011110000000000
0000010010011110000000000
0000010010011110000000000
0000010010011110000000000
0000010010011110000000000
1000010010011110101000101
0000010010011110000000000
0000010010011110000000000
0000010010011110000000000
0000010010011110000000000
0000010010011110000100000
0000010010011110000000000
0000010010011110000000000
0000010010011110000000000
0000010010011110000000000
0000010010011110000000000
0000010010011110000000000
0000010010011110000000000
0000010010011110000000000
0000010010011110000000000
0000010010011110000000000
0000010010011110000000000
1100110000001110000000000
0000010010011110000000000

//	18	3.152	0	788	10	8	9.26284	4.20209	0.360621	0.0390485	0.562884	1	0.0247261	0.562884	2	0.0259899	0.776462	0.776462	4.90058
segsites: 6
positions: 0.0524 0.2183 0.5022 0.5764 0.6288 0.8122
101011
101011
101011
101011
101011
101011
101011
101011
101011
101011
101011
101011
101011
101011
101011
101011
101011
101011
101011
101011
101011
101011
010100
101011
101011
101011
101011
101011
101011
101011
101011
101011
101011
101011
101011
101011
101011
101011
101011
101011
101011
101011
101011
101011
010100
101011
101011
101011
010100
010100
101011
101011
101011
101011
101011
101011
101011
101011
101011
101011
101011
101011
101011
101011
010100
010100
010100
010100
010100
010100
101011
010100
101011
010100
010100
010100
101011
010100
010100
010100
010100
010100
010100
010100
010100
010100
010100
010100
010100
101011
010100
010100
010100
010100
010100
010100
010100
010100
010100
010100
010100
010100
010100
010100

//	18	3.152	0	788	10	8	9.26284	4.20209	0.360621	0.0390485	0.562884	1	0.0247261	0.562884	2	0.0259899	0.776462	0.776462	4.90058
segsites: 4
positions: 0.4566 0.4913 0.4942 0.5231
0011
0011
0011
0011
0011
0001
0001
0001
0001
0001
0001
0001
0001
0001
0001
0001
0001
0001
0001
0001
0001
0001
0001
0001
0001
0001
0001
0001
0001
0001
0001
0001
0001
0001
0001
0001
0001
0001
0001
0001
0001
0001
0001
0001
0001
0001
0001
0001
0001
0001
0001
0001
0001
0001
0001
0001
0011
0001
0001
0001
1100
1100
0011
0011
0011
0011
0011
0011
0011
0011
0001
0011
0011
0011
0011
0011
0011
0011
0011
0011
0011
0011
0011
0011
0011
0011
0011
0011
0011
0011
0011
0011
0011
0011
0011
0011
0011
0011
0011
0011
1100
1100
1100
1100

//	18	3.152	0	788	10	8	9.26284	4.20209	0.360621	0.0390485	0.562884	1	0.0247261	0.562884	2	0.0259899	0.776462	0.776462	4.90058
segsites: 22
positions: 0.0163 0.0653 0.0744 0.1506 0.1597 0.1996 0.2105 0.2323 0.3103 0.3303 0.392 0.4065 0.4356 0.441 0.4555 0.4646 0.5209 0.5789 0.7187 0.7205 0.7604 0.7822
0000001000110000011000
0000001000110000011010
0000001000110000011010
0000001000110000011000
0001000000110000001000
0000001000110000011010
0000001000110000011010
0000001000110000011010
0000001000110000011010
0000000000100000001000
0000000000100000001000
0000000000110000001000
0000001000110000011010
0000000000110000001000
0000000000110000001000
0000000000110000001000
0000001000110000011000
0000001000110000011000
0000000000110000001000
0000000000110000001000
0000000000110000001000
0000001000110000001000
0000001000110000011000
0000001000110000011000
0001000000110000011000
0001000000110000001000
0001000000110000001000
0000000000110000011010
0001000000110000001000
0001000100110000001000
0000001000110000011010
0001000000110000001000
0001000000110000001000
0000001000110000011000
0000001000110000001000
0000001000110000011010
0000001000110000011000
0001000100110000001000
0000001000110000011000
0001000100110000001000
0000001000110000011010
0000001000110000011000
0000001000110000011000
0000001000110000011000
0000001000110000011010
0000001000110000011010
0001000000110000001000
0001000000110000001000
0001000000110000001000
0001000000110000001000
0001000000110000001000
0001000000110000001000
0000001000110000011010
0000001000110000011010
0000001000110000001000
0001000100110000001000
0001000000110000001000
0001001000110000001000
0001001000110000011010
0000001000110000001000
0100000001110100000001
0100000001110100000001
0100000001110100000001
0000000001110100000001
0100000001110100000001
0100000001110100000001
0000001000110000011010
0000000000110000011000
0000001000110000011000
0000001000110000011000
1000000000110000011000
0010000000110010011000
1000000000110000011000
0010000000110000011000
0010100000110000011000
1000000000110000011000
0000001000110000011000
0000001000110000011000
1000000000110000011000
1000000000110000011000
0001000000110000001000
0010000000110000011000
0010010000110000011000
0000000000110000101000
0010000000110000011100
0000000000110000011000
0000000000010000101000
0000001000110000011000
0010010000110000011000
0000001000110000011000
0000001000110000011000
1000000000110000011000
0000000010110001001000
0000000010110001001000
0000001000110000011000
0000000000111000001000
1000000000110000011000
0000000000010000101000
0000000000010000101000
0010000000110000011000
0000000000010000101000
0000000000010000101000
0000000000010000101000
0000000000010000101000

//	18	3.152	0	788	10	8	9.26284	4.20209	0.360621	0.0390485	0.562884	1	0.0247261	0.562884	2	0.0259899	0.776462	0.776462	4.90058
segsites: 11
positions: 0.3404 0.3972 0.4965 0.5532 0.6028 0.7305 0.7376 0.7872 0.8014 0.8085 0.8369
10000000000
10000000000
10000000000
10000000000
10000000000
00000000000
10000000000
00000000000
00000000000
10000000000
10000000000
10000000000
10000000000
10000000000
10000000000
10000000000
10000000000
10000000000
10000000000
10000000000
10000000000
10000000000
10000000000
10000000000
00000000000
00000000000
10000000000
10000000000
00000000000
10000000000
10000000000
00000000000
10000000000
10000000000
00000000000
10000000000
00000000000
10000000000
10000000000
10000000000
10000000000
00000000000
10000000000
00000000000
10000000000
10000000000
00000000000
10000000000
10000000000
00000100000
10000000000
00000000000
10000000000
10000000000
00000000000
10000000000
00000000000
01010000000
01010000000
10000000000
00100100000
00100100000
10000000000
00100100000
00000000000
00000100000
00000100000
00000100000
00000100000
00000100000
00000100000
00000001000
00000100000
00000100000
00000001000
00100100000
00000100000
00000100000
00000100000
00000100000
00000100000
00001100000
00000100000
00000001000
00000001000
00000001000
00000001000
00000001000
00000001000
00000001001
00000001000
00000100000
00000100000
00000100000
00000001001
00000001000
00000100000
00000100000
00000001000
00000001000
00000110110
00000100000
00000101000
00000100000

//	18	3.152	0	788	10	8	9.26284	4.20209	0.360621	0.0390485	0.562884	1	0.0247261	0.562884	2	0.0259899	0.776462	0.776462	4.90058
segsites: 13
positions: 0.1135 0.1489 0.2092 0.2624 0.273 0.2766 0.4397 0.5284 0.5461 0.5674 0.6135 0.6596 0.8652
1000000000100
1000000000100
1000000000100
1000000000100
1000001000100
1000000000100
1000000010100
1000000000101
1000000000001
1000000000100
1000000000100
1100000010100
0000000000000
1000000000100
0000000000101
0000000000100
1000000000100
1000000000000
0000000000000
1010000000000
0000000000000
0000000000001
0000000000011
1000000001000
0000000000100
1000000000100
0000100101100
0000100000100
0000000000100
0000000000100
0000100001100
0000000000100
1000000000100
0000000000110
0000000000100
0000100000100
0000000000100
0000000000100
0000000000100
0000000000001
0000000000100
0000000000011
0000000000001
0000000000100
0000000000000
0000000000001
0000000000011
0000000000011
1100000010100
1000001010001
1100000010100
1000001010001
1000011010000
1000011010000
1000011010000
1000011010000
1000000010100
1100000010100
1000011010100
1000000000100
0000000000000
1000000000000
0100000000100
0000000000100
0000000000100
0000000001110
0000000001110
0000000100010
1010001000000
1000000000000
1000000000000
1000000000000
1000000000100
0000000000010
0000000100010
1000000000000
1000000000000
0000100000110
0000100001100
0000000000001
0000000000011
0000100000110
0000000000001
0000000000001
0001100001101
0000100001100
1000000000000
1000001010001
1000001010001
1010001000001
1000001010001
1010000000001
1000001010001
0000100000001
1000000000001
1100000010001
0000100000101
1010001000001
1000001010001
1000000000001
0000000000000
1100000010100
0000000000000
1100000010100

//	18	3.152	0	788	10	8	9.26284	4.20209	0.360621	0.0390485	0.562884	1	0.0247261	0.562884	2	0.0259899	0.776462	0.776462	4.90058
segsites: 22
positions: 0.0946 0.2303 0.2492 0.347 0.3722 0.3849 0.3943 0.4038 0.429 0.4353 0.6972 0.7003 0.7224 0.7539 0.7855 0.7981 0.8013 0.8107 0.8265 0.8707 0.9117 0.9779
1101010000001000100010
1101010000001000100010
1101010000001000100010
1101010000001000100011
1101010000001000100010
1101010000001000100010
1101010000001000100010
1101010000001000100010
1101010000001000100010
1101010000001000100010
1101010000001000100010
1101010000001000100010
1101010000001000100010
1101010000001000100010
1101010000001000100010
1101010000001000100010
1101010000001000100010
1101010000001000100000
1101010000001000100000
1101010000001000100010
1101010000001000100010
1000000000001000000010
0000000000000000000001
0000100010000100000001
1100100000000000000011
1101010000001000100010
1101010000001000100010
1101010000001000100010
1101010000001000100010
1101010000001000100010
1101010000001000100010
1000000000000000100010
0000000000000000100101
1000000000000000100111
0000100010000100000001
1101010000001000100010
1101010000001000100010
1101010000001000100011
1101010000001000100010
1101010000001000100010
1101010000001000100010
1101010000001000100010
0000000000000000100000
0000000000000000100000
1000000000000000100101
1000000000000000000001
0000100010000100000001
1101010000001000100010
1101010000001000100010
0000100010000100000001
0000100010000100000001
0000100010000100000001
1101010000001000100010
1101010000001000100010
1101010000001000100010
1101010000001000100010
1101010000001000100010
1101010000001000100010
1101010000001000100010
1101010000001000100010
0101000000000000100010
0101000000000000100010
0000000010000000000001
0000000010000000000001
0000100010000100000001
0000100010000100000001
0000100010100000000001
0000100010000100000001
0000000000000000000001
0000000000000000000001
0101000000000000100010
0000100010000100000001
0000000010000000010001
0000100010100000000001
0000100010100000000001
0101000000000000100010
0000100010100000000001
0000100010000100000001
0000100010000110000001
0000000000000001000101
0000000000000001000101
0000100010000100000001
0000100010100000000001
0000100010100000000001
0000000000010000000001
0000100010000100000001
0000100010000100000001
0000100010100000000001
0000000000000000001001
0000101011000000000001
0000101011000000000001
0000100110000000000001
0000100010100000000001
0010100110000000000001
0000000000000001000101
0000100110000000000001
0000000000000000001001
0000100010100000000001
0010100110000000000001
0000000000000001000101
0000100110000000000001
0000000000000000001001
0000100010000100000001
0000100010000100000001

//	18	3.152	0	788	10	8	9.26284	4.20209	0.360621	0.0390485	0.562884	1	0.0247261	0.562884	2	0.0259899	0.776462	0.776462	4.90058
segsites: 6
positions: 0.0973 0.1846 0.4631 0.5369 0.6409 0.651
010000
010000
010000
010000
000000
000000
000000
000000
000000
010000
010000
010000
010000
010000
010000
010000
010000
010000
010000
010000
010000
010000
010000
000000
000000
000000
000000
000000
000000
000000
000000
000000
000000
000000
000000
000000
000000
000000
000000
000000
000000
000000
000000
000000
000000
000000
000000
000000
000000
000000
100100
000000
000000
000000
000000
000000
000000
000000
000000
000000
000000
000000
000000
000000
000001
000001
000000
000000
000000
000000
000000
000000
000000
000000
000001
000001
000000
000000
000000
000001
000010
000000
000000
000000
000000
000000
000001
000000
000001
000001
000000
000000
000001
000001
000000
000001
000000
001001
000001
000001
000001
000010
000010

//	18	3.152	0	788	10	8	9.26284	4.20209	0.360621	0.0390485	0.562884	1	0.0247261	0.562884	2	0.0259899	0.776462	0.776462	4.90058
segsites: 7
positions: 0.0853 0.1327 0.1469 0.4076 0.4123 0.4692 0.9005
0001101
0001101
0001001
0001101
0001101
0001101
0001111
0001101
0001101
0001101
0001111
0001101
0001111
0001101
0001111
0001111
0001111
0001101
0001111
0001111
0001111
0001111
0001111
0001101
0001111
0001111
0001101
0001111
0001111
0001111
0001111
0001101
0001101
0001111
0001101
0001111
0001101
0001111
0001101
0001101
0001101
0001111
0001111
0001111
0001101
0001111
0001111
0000100
0001101
0001111
0001101
0001101
0001101
0001101
0001111
0001101
0001101
0000100
0000100
0001111
0000100
0000100
0000100
0000100
0000100
0000100
0000100
1000100
1000100
1000100
0000100
0000100
0000100
0000100
0000100
0000100
0000100
0000100
0000100
0000100
0000100
0000100
0000100
0000100
0000100
0000100
0000100
0000100
0000100
0000100
0000100
0000100
0000100
0000100
0110100
0000100
0110100
0000100

//	18	3.152	0	788	10	8	9.26284	4.20209	0.360621	0.0390485	0.562884	1	0.0247261	0.562884	2	0.0259899	0.776462	0.776462	4.90058
segsites: 11
positions: 0.0425 0.3012 0.3475 0.4015 0.4363 0.4942 0.529 0.5483 0.8224 0.8417 0.888
01000000000
01000000000
01000000000
01000000000
11000001000
11000001000
11000001100
11000001000
11000101000
01000000000
11000001000
11000101000
11000101000
11000101000
11000001000
11000001000
01000000000
11000101000
11000001000
01000000000
11000101000
11000101000
11000001000
11000101000
11000101000
11000100000
11000001100
11000101000
01000000000
11000001000
11000101000
11000001000
11000101000
11000101000
11000000000
11000001000
11000101000
11000001000
11000101000
11000101000
01000000000
11000001000
11000001000
01000000000
11000101000
11000001000
11000001000
11000001100
11000101000
11000101000
10000000000
11000001000
01000000000
01000000000
11000001000
11000001000
11000001000
11000101000
11000101000
11000101000
00000010010
00000010010
00000010010
00000000001
01000000000
01000000000
01000000000
01000000000
00000000001
01000000000
00000000000
01000000000
00000000000
01000000000
01000000000
00000010000
01000000000
11000101000
01000000000
01000000000
00000000000
01000000000
01000000000
01000000000
01000000000
01010000000
01010000000
01000000000
01000000000
00000000001
00100000001
01000000000
00000000001
01000000000
01000000000
00000000000
00000000001
01000000000
00000000000
01000000000
01000000000
01001000000
01000000001
01000000000

//	18	3.152	0	788	10	8	9.26284	4.20209	0.360621	0.0390485	0.562884	1	0.0247261	0.562884	2	0.0259899	0.776462	0.776462	4.90058
segsites: 6
positions: 0.2527 0.371 0.4516 0.4946 0.6398 1
100000
100000
100000
100000
100000
000000
100000
100000
100000
100000
000000
000000
000000
100000
000000
100000
100000
100000
100000
011010
100000
100000
100000
100000
000000
100000
100000
100000
100000
100000
100000
100000
000000
000000
000000
100000
100000
100000
100000
000010
100000
100000
000000
000000
000000
100000
100000
100000
100000
100000
100000
000000
100000
000000
000000
000000
000000
000000
000000
000000
011010
010010
000000
010100
000000
000100
000100
000100
000100
000100
011010
011010
000100
010000
000100
000100
000000
000000
010000
000001
000100
000100
000000
000100
000000
010000
010000
010000
000000
000000
000100
000000
000000
000000
000000
000000
000100
000000
000100
000100
010000
010000
000000
000000

//	18	3.152	0	788	10	8	9.26284	4.20209	0.360621	0.0390485	0.562884	1	0.0247261	0.562884	2	0.0259899	0.776462	0.776462	4.90058
segsites: 4
positions: 0.2433 0.31 0.3767 0.4767
1011
1011
1011
1011
1011
1011
1011
1011
1011
1011
1111
1011
1111
1011
1011
1011
1111
1011
1011
1011
1011
1011
1011
1011
0010
0010
0010
0010
0010
1010
1010
1010
1010
1010
0010
1011
1011
0010
0010
0010
0011
1011
1011
1011
0011
0010
0010
1010
0010
0010
0010
0010
0010
0010
0010
0010
1010
0010
0000
0010
0010
0011
0010
1010
1011
0010
0011
0011
1011
1011
1011
1011
0011
0010
0010
0010
0010
0010
0010
0010
0010
0010
0010
0010
0010
0010
0011
0010
0010
0010
0010
0011
0010
0010
1011
1010
1011
1011
0010
0010
1011
1011
1011
1011

//	18	3.152	0	788	10	8	9.26284	4.20209	0.360621	0.0390485	0.562884	1	0.0247261	0.562884	2	0.0259899	0.776462	0.776462	4.90058
segsites: 2
positions: 0.2146 0.4439
00
00
00
00
01
00
00
00
00
00
00
00
01
00
00
00
00
01
00
00
01
00
00
00
00
00
01
01
00
01
00
00
01
00
00
00
00
00
00
00
00
00
00
00
01
00
00
01
01
01
00
11
00
00
00
00
00
00
11
00
10
00
00
00
01
01
00
00
00
00
00
00
00
00
00
00
01
11
00
00
00
00
00
00
00
00
00
00

//	18	3.152	0	788	10	8	9.26284	4.20209	0.360621	0.0390485	0.562884	1	0.0247261	0.562884	2	0.0259899	0.776462	0.776462	4.90058
segsites: 9
positions: 0.1908 0.25 0.4276 0.5559 0.5954 0.6349 0.7303 0.7895 0.9934
000100000
000000000
100000000
000000000
000100101
100000101
000000101
000100000
001100000
000000101
000000010
000000101
000000000
000000101
000000000
000000101
000000101
100000101
000000101
000000000
000000101
000000000
100000010
100000010
000000000
000000000
000000101
000000101
100000000
100000000
100000010
000000101
000000101
000000000
000000000
000000000
000000000
000000000
000000000
100000000
000000000
000010000
000010101
000010000
010010101
010010000
100010101
000010101
001100000
000010000
001110000
001100000
001100000
000000101
001100000
101010000
001100000
000000101
001100000
101010000
000001000
100000010
100000010
100000010
100000010
100000010
100000000
100000010
100000000
100000000
100000000
100000000
000000010
000000010
000000010
000000010
000000010
100000000
000000010
000000010
100000000
100000000
000000010
100000000
100000000
100000010
100000000
100000000
100000000
100000000
100000000
100000000
100000000
100000000
100000000
100000000
100000000
100000000
100000000
100000000
100000000
100000000
100000000
100000000

//	18	3.152	0	788	10	8	9.26284	4.20209	0.360621	0.0390485	0.562884	1	0.0247261	0.562884	2	0.0259899	0.776462	0.776462	4.90058
segsites: 74
positions: 0.0486 0.0757 0.093 0.1016 0.1189 0.1286 0.1308 0.1341 0.1405 0.1514 0.1805 0.2022 0.2108 0.2281 0.2346 0.2584 0.28 0.2886 0.2897 0.3103 0.3157 0.3168 0.3211 0.333 0.3427 0.3708 0.3892 0.4043 0.413 0.4389 0.4422 0.4659 0.467 0.5092 0.5135 0.5265 0.5297 0.5319 0.5481 0.5589 0.5676 0.6032 0.6151 0.6162 0.6205 0.6303 0.6432 0.6486 0.6551 0.6757 0.6778 0.6789 0.6843 0.6876 0.7059 0.7081 0.7254 0.7319 0.7405 0.7859 0.7924 0.8205 0.8368 0.8508 0.8757 0.8768 0.8778 0.8822 0.8832 0.9092 0.9103 0.9351 0.9449 0.9892
11000000000010001000100100000111000000100001001010000000110100100000100000
00010001100000100001000100100000110000000100000000000000000000000000000001
01000000000000001000100100000111000000100001001010000000110100100000100000
11000000000000001000100100000111000000100001001010000000110100100000100000
11000000000000001000000100000011000000100001001010000000110100100000100000
11000000000000001000000100000011000000100001001010000000110100100000100000
11000000000000001000000100000011000000100001001010000000110100100000100000
11000000000000001000000100000011000000100001001010000000110100100000100000
11000000000000001000000100000011000000100001001010000000110100100000100000
00000010001001100000000000000000000010001000000001000000001001000001010001
00000010011001100000000101000000000000000000110000000011000000010000100001
00000010011001100000000000010000000010001000000001000000001001000001010001
10000000000000100000000100000010000000100000000000000000000000000000000000
11000000000000001000000100000011000000100001001010000000110100100000100000
00000010001001100000000000000000000010011000000001000000001001000001010001
00010101000000100000000101000000000000000000110000000011000000010000001001
11000000000000001000100100000111000000100001001010000000110100100000100000
00010101000000100000000111000000000000000000100100010010000000000000001001
00010101000000100000000101000000000000000000110000000011000000010000001001
11000000000000001000000100000011000000100001000010000000110100100000100000
11000000000000001000000100000011000000100001001010000000110100100000100000
11000000000000001000000100000011000000100001001010000000110100100000100000
11000000000000100000000100000010000000100000000000000000000000000000000000
00010101000000100000000101000000000000000000110000000000000000010000001001
11100000000000001000000100000011000000100001001010000000110100101110100000
11000000000000001000000100000011000000100001001010000000110100100000100000
00010101000000100000000101000000000000000000110000000011000000010000001001
11000000000000001000000100000011001000100001001010000000110100100000100000
11100000000000001000000100000011000000100001001010000000110100101110100000
11100000000000000000000100000011000000100001001010000000110100101110100000
00010101000000100000000101000000000000000000110000000011000000010000001001
11000000000000001000000100000011001000100001001010000000110100100000100000
00010101000000100000000101000000000000000000110000000011000000010000001001
11100000000000000010000100000011000000100001001010000000110100101110100000
11100000000000000010000100000011000000100001001010000000110100101110100000
11100000000000001000000100000011000000100001001010000000110100100000100000
11100000000000100000000100000010000000100000000000000000000000000000000110
11100000000000000000000100000011000000100001001010000000110100101110100000
00010100000000100000000101000000000000000000000000000011000000000000101001
00010101000000100000000101000000000000000000010000000011000000000000001001
00010101000000100000000101000000000000000000110000000011000000010000001001
11000000000000001000000100000011000000100001001010000000110100100000100000
11000000000000001000000100000011000000100001001010000000110100100000100000
00010001100000100000000100000000110000000000000000000000000000000000000001
11000000000000001000000100000011000000100001001010000000110100100000100000
11000000000000001000000100000011000000100001001010000000110100100000100000
00010001100000100000000100000000110000000000000000000000000000000000000001
00010001100000100000000100000000110000000000000000000000000000000000000001
00010001100000100000000100000000110000000000000000000000000000000000000001
00010001100000100000000100000000100000000000000000000000000000010000001001
00010001100000100000000100000000110000000000000000000000000000000000000001
00010001100000100000000100000000110000000000000000000000000000000000000001
11100000000000000000000100000011000000100001001010000000110100101110100000
11100000000000001000000100000011000000100001001010000000110100101110100000
11000000000000001000000100000011001000100001001010000000110100100000100000
11100000000000000000000100000011000000100001001010000000110100101110100000
11000000000000001000000100000011000000100011001010000000110100100000100000
11100000000000000000000100000011000000100001001010000000110100101110100000
11100000000000001000000100000011000000100001001010000000110100101110100000
11000000000000001000000100000011001000100001001010000000110100100000100000
11000000000000001000000100000011000000100001001010000000110100100000100000
11000000000000001000000100000011001000100001001010000000110100100000100000
11000000000000001000000100000011000000100001001010000000110100100000100000
11000000000000001000000100000011000000100001001010000000110100100000100000
11000000000000001000000100000011001000100001001010000000110100100000100000
11000000000000001000000100000011000000100001001010000000110100100000100000
11000000000000001000000100000011001000100001001010000000110100100000100000
11000000000000001000000100000011001000100001001010000000110100100000100000
00010101000000100000000101000000000000000000110000000000000000010000001000
11000000000000001000000100000011000000100001001010000000110100100000100000
11000000000000001000000100000011000000100001001010000000110100100000100000
00000000001001100000000000010000000010001000000001000000001001000001010001
11100000000000001000000100000011000000100001001010000000110100101110100000
11000000000000001000000100000011000000100001001010000000110100100000100000
11000000000000001000000100000011000000100001001010000000110100100000100000
11100000000000000000000100000011000000100001001010000000110100101110100000
00000000001001100100000000001000000010101000000001000000001001000001010001
10000000000000100000000100000000110000000000000000000000000000000000000000
11000000000000001000000100000011000000100001001010000000110100100000100000
11100000000000000000000100000011000000100001001010000000110100101110100000
11100000000000001000000100000011000000100001001010000000110100101110100000
00010101000000100000000101000011001000000000000000000000000000100000100001
11000000000000001000000100000011000000100001001010000000110100101110100000
11000000000000001000000100000011000000100001001010000000110100100000100000
00000010001001100000000000000000000010001000000001000000001001000001010001
11000000000000001000000100000011000000100001001010000000110100100000100000
11000000000000001000000100000011000000100001001010000000110100100000100000
11000000000000001000000100000011000000100001001010000000110100100000100000
00000010001001100000000000000000000010001000000001000000001001000001010001
00010101000000100000000101000000000000000000110000000011000000010000001001
10001000100000110000011100000010000101100000000000001100000000000000000110
11000000000000001000000100000011000000100001001010000000110100100000000000
00010101000100100000000101000000000000000000110000000011000010010000001001
00000010001001100000000000000000000010001000000001000000001001000001010001
00010101000000100000000101000000000000000000110000000011000000000001010001
00010101000000100000000101000000000000000000110000000011000000010000001001
10001000100000110000011100000010000101100000000000001100000000010000001001
11000000000000001000000100000011000000100001001010000000110100100000000110
00010101000100100000000101000000000000000000110000100011000010010000001001
00010101000000100000000101000000000000000000110000000011000000010000001001
11000000000000001000000100000011000000100001001010000000110100100000100000
11000000000000001000000100000011000000100001001010000000110100100000100000
10001000100000110000011100000010000101100000000000001100000000000000000110
10001000100000110000011100000010000101100000000000001100000000000000000110
